<?xml version="1.0" encoding="UTF-8"?>
<!-- Generated by org.testng.reporters.JUnitXMLReporter -->
<testsuite hostname="DESKTOP-I4VABD5" ignored="0" name="Default test" tests="3" failures="0" timestamp="17 Aug 2018 20:23:54 GMT" time="23.038" errors="0">
  <testcase name="loginPageTitleTest" time="0.046" classname="com.crm.qa.testcases.LoginPageTest"/>
  <testcase name="crmLogoImageTest" time="0.109" classname="com.crm.qa.testcases.LoginPageTest"/>
  <testcase name="loginTest" time="2.877" classname="com.crm.qa.testcases.LoginPageTest"/>
</testsuite> <!-- Default test -->
